<?xml version="1.0" encoding="UTF-8"?>
<!-- Generated by org.testng.reporters.JUnitReportReporter -->
<testsuite hostname="MacBook-Air-de-juan-13985.local" failures="0" tests="3" name="YouTube" time="32.401" errors="0" timestamp="2021-11-01T13:27:57 ART" skipped="0">
  <testcase classname="YouTube" name="loadPage" time="14.249"/>
  <system-out/>
  <testcase classname="YouTube" name="searchVideo" time="18.151"/>
  <system-out/>
  <testcase classname="YouTube" name="finishTest" time="0.001"/>
  <system-out/>
</testsuite> <!-- YouTube -->
