<?xml version="1.0" encoding="UTF-8"?>
<!-- Generated by org.testng.reporters.JUnitReportReporter -->
<testsuite hostname="Leo_Esains" failures="0" tests="6" name="ToolsQA" time="17.559" errors="0" timestamp="2022-07-10T11:30:26 ART" skipped="0">
  <testcase classname="ToolsQA" name="loadPage" time="11.851"/>
  <system-out/>
  <testcase classname="ToolsQA" name="newUser" time="0.885"/>
  <system-out/>
  <testcase classname="ToolsQA" name="backToLogin" time="0.083"/>
  <system-out/>
  <testcase classname="ToolsQA" name="login" time="0.320"/>
  <system-out/>
  <testcase classname="ToolsQA" name="logout" time="1.118"/>
  <system-out/>
  <testcase classname="ToolsQA" name="alerts" time="3.302"/>
  <system-out/>
</testsuite> <!-- ToolsQA -->
